Using pre-set license
Built from '2022.2/staging' branch; Version is '2022.2.15f1 (30d813e1a2a9) revision 3201043'; Using compiler version '192829333'; Build Type 'Release'
OS: 'Windows 10  (10.0.19045) 64bit Professional' Language: 'en' Physical Memory: 8148 MB
BatchMode: 1, IsHumanControllingUs: 0, StartBugReporterOnCrash: 0, Is64bit: 1, IsPro: 1

COMMAND LINE ARGUMENTS:
C:\Program Files\Unity 2022.2.15f1\Editor\Unity.exe
-adb2
-batchMode
-noUpm
-name
AssetImportWorker0
-projectPath
C:/SSD Projects/Character Customization/Customization
-logFile
Logs/AssetImportWorker0.log
-srvPort
50501
Successfully changed project path to: C:/SSD Projects/Character Customization/Customization
C:/SSD Projects/Character Customization/Customization
[UnityMemory] Configuration Parameters - Can be set up in boot.config
    "memorysetup-bucket-allocator-granularity=16"
    "memorysetup-bucket-allocator-bucket-count=8"
    "memorysetup-bucket-allocator-block-size=33554432"
    "memorysetup-bucket-allocator-block-count=8"
    "memorysetup-main-allocator-block-size=16777216"
    "memorysetup-thread-allocator-block-size=16777216"
    "memorysetup-gfx-main-allocator-block-size=16777216"
    "memorysetup-gfx-thread-allocator-block-size=16777216"
    "memorysetup-cache-allocator-block-size=4194304"
    "memorysetup-typetree-allocator-block-size=2097152"
    "memorysetup-profiler-bucket-allocator-granularity=16"
    "memorysetup-profiler-bucket-allocator-bucket-count=8"
    "memorysetup-profiler-bucket-allocator-block-size=33554432"
    "memorysetup-profiler-bucket-allocator-block-count=8"
    "memorysetup-profiler-allocator-block-size=16777216"
    "memorysetup-profiler-editor-allocator-block-size=1048576"
    "memorysetup-temp-allocator-size-main=16777216"
    "memorysetup-job-temp-allocator-block-size=2097152"
    "memorysetup-job-temp-allocator-block-size-background=1048576"
    "memorysetup-job-temp-allocator-reduction-small-platforms=262144"
    "memorysetup-temp-allocator-size-background-worker=32768"
    "memorysetup-temp-allocator-size-job-worker=262144"
    "memorysetup-temp-allocator-size-preload-manager=33554432"
    "memorysetup-temp-allocator-size-nav-mesh-worker=65536"
    "memorysetup-temp-allocator-size-audio-worker=65536"
    "memorysetup-temp-allocator-size-cloud-worker=32768"
    "memorysetup-temp-allocator-size-gi-baking-worker=262144"
    "memorysetup-temp-allocator-size-gfx=262144"
Player connection [17972] Host "[IP] 192.168.18.16 [Port] 0 [Flags] 2 [Guid] 3842976647 [EditorId] 3842976647 [Version] 1048832 [Id] WindowsEditor(7,DESKTOP-IHUEMTU) [Debug] 1 [PackageName] WindowsEditor [ProjectName] Editor" joined multi-casting on [225.0.0.222:54997]...

Player connection [17972] Host "[IP] 192.168.18.16 [Port] 0 [Flags] 2 [Guid] 3842976647 [EditorId] 3842976647 [Version] 1048832 [Id] WindowsEditor(7,DESKTOP-IHUEMTU) [Debug] 1 [PackageName] WindowsEditor [ProjectName] Editor" joined alternative multi-casting on [225.0.0.222:34997]...

Refreshing native plugins compatible for Editor in 9.12 ms, found 0 plugins.
Preloading 0 native plugins for Editor in 0.00 ms.
Initialize engine version: 2022.2.15f1 (30d813e1a2a9)
[Subsystems] Discovering subsystems at path C:/Program Files/Unity 2022.2.15f1/Editor/Data/Resources/UnitySubsystems
[Subsystems] Discovering subsystems at path C:/SSD Projects/Character Customization/Customization/Assets
GfxDevice: creating device client; threaded=0; jobified=0
Direct3D:
    Version:  Direct3D 11.0 [level 11.1]
    Renderer: NVIDIA GeForce GTX 1650 (ID=0x1f82)
    Vendor:   NVIDIA
    VRAM:     3962 MB
    Driver:   31.0.15.1694
Initialize mono
Mono path[0] = 'C:/Program Files/Unity 2022.2.15f1/Editor/Data/Managed'
Mono path[1] = 'C:/Program Files/Unity 2022.2.15f1/Editor/Data/MonoBleedingEdge/lib/mono/unityjit-win32'
Mono config path = 'C:/Program Files/Unity 2022.2.15f1/Editor/Data/MonoBleedingEdge/etc'
Using monoOptions --debugger-agent=transport=dt_socket,embedding=1,server=y,suspend=n,address=127.0.0.1:56860
Begin MonoManager ReloadAssembly
Registering precompiled unity dll's ...
Register platform support module: C:/Program Files/Unity 2022.2.15f1/Editor/Data/PlaybackEngines/AndroidPlayer/UnityEditor.Android.Extensions.dll
Register platform support module: C:/Program Files/Unity 2022.2.15f1/Editor/Data/PlaybackEngines/WindowsStandaloneSupport/UnityEditor.WindowsStandalone.Extensions.dll
Registered in 0.033971 seconds.
- Loaded All Assemblies, in  0.852 seconds
Native extension for WindowsStandalone target not found
Native extension for Android target not found
Mono: successfully reloaded assembly
- Finished resetting the current domain, in  0.731 seconds
Domain Reload Profiling:
	ReloadAssembly (570ms)
		BeginReloadAssembly (295ms)
			ExecutionOrderSort (0ms)
			DisableScriptedObjects (0ms)
			BackupInstance (0ms)
			ReleaseScriptingObjects (0ms)
			CreateAndSetChildDomain (1ms)
		LoadAllAssembliesAndSetupDomain (0ms)
			LoadAssemblies (294ms)
			RebuildTransferFunctionScriptingTraits (0ms)
			SetupTypeCache (264ms)
				TypeCache.Initialize (263ms)
					TypeCache.ScanAssembly (260ms)
				ResolveRequiredComponents (1ms)
		FinalizeReload (0ms)
			ReleaseScriptCaches (0ms)
			RebuildScriptCaches (0ms)
			SetupLoadedEditorAssemblies (586ms)
				LogAssemblyErrors (0ms)
				InitializePlatformSupportModulesInManaged (122ms)
				SetLoadedEditorAssemblies (8ms)
				RefreshPlugins (0ms)
				BeforeProcessingInitializeOnLoad (2ms)
				ProcessInitializeOnLoadAttributes (263ms)
				ProcessInitializeOnLoadMethodAttributes (191ms)
				AfterProcessingInitializeOnLoad (0ms)
				EditorAssembliesLoaded (0ms)
			ExecutionOrderSort2 (0ms)
			AwakeInstancesAfterBackupRestoration (0ms)
========================================================================
Worker process is ready to serve import requests
Begin MonoManager ReloadAssembly
- Loaded All Assemblies, in  1.305 seconds
Refreshing native plugins compatible for Editor in 1.81 ms, found 0 plugins.
Native extension for WindowsStandalone target not found
Native extension for Android target not found
Mono: successfully reloaded assembly
- Finished resetting the current domain, in  0.866 seconds
Domain Reload Profiling:
	ReloadAssembly (433ms)
		BeginReloadAssembly (254ms)
			ExecutionOrderSort (0ms)
			DisableScriptedObjects (12ms)
			BackupInstance (0ms)
			ReleaseScriptingObjects (0ms)
			CreateAndSetChildDomain (33ms)
		LoadAllAssembliesAndSetupDomain (865ms)
			LoadAssemblies (525ms)
			RebuildTransferFunctionScriptingTraits (0ms)
			SetupTypeCache (471ms)
				TypeCache.Initialize (442ms)
					TypeCache.ScanAssembly (436ms)
				ResolveRequiredComponents (4ms)
		FinalizeReload (0ms)
			ReleaseScriptCaches (0ms)
			RebuildScriptCaches (0ms)
			SetupLoadedEditorAssemblies (506ms)
				LogAssemblyErrors (0ms)
				InitializePlatformSupportModulesInManaged (49ms)
				SetLoadedEditorAssemblies (8ms)
				RefreshPlugins (0ms)
				BeforeProcessingInitializeOnLoad (104ms)
				ProcessInitializeOnLoadAttributes (291ms)
				ProcessInitializeOnLoadMethodAttributes (41ms)
				AfterProcessingInitializeOnLoad (13ms)
				EditorAssembliesLoaded (0ms)
			ExecutionOrderSort2 (0ms)
			AwakeInstancesAfterBackupRestoration (12ms)
Launched and connected shader compiler UnityShaderCompiler.exe after 0.15 seconds
Refreshing native plugins compatible for Editor in 1.62 ms, found 0 plugins.
Preloading 0 native plugins for Editor in 0.00 ms.
Unloading 1805 Unused Serialized files (Serialized files now loaded: 0)
Unloading 17 unused Assets / (60.1 KB). Loaded Objects now: 2286.
Memory consumption went from 86.6 MB to 86.6 MB.
Total: 5.304000 ms (FindLiveObjects: 0.213400 ms CreateObjectMapping: 0.356100 ms MarkObjects: 4.592200 ms  DeleteObjects: 0.140700 ms)

AssetImportParameters requested are different than current active one (requested -> active):
  custom:video-decoder-webm-vp8: 9c59270c3fd7afecdb556c50c9e8de78 -> 
  custom:container-demuxer-ogg: 62fdf1f143b41e24485cea50d1cbac27 -> 
  custom:AudioImporter_EditorPlatform: d09bf68614088b80899f8185d706f6e7 -> 
  custom:video-decoder-ogg-theora: a1e56fd34408186e4bbccfd4996cb3dc -> 
  custom:framework-win-MediaFoundation: 216162199b28c13a410421893ffa2e32 -> 
  custom:video-encoder-webm-vp8: eb34c28f22e8b96e1ab97ce403110664 -> 
  custom:audio-decoder-ogg-vorbis: bf7c407c2cedff20999df2af8eb42d56 -> 
  custom:container-demuxer-webm: 4f35f7cbe854078d1ac9338744f61a02 -> 
  custom:audio-encoder-webm-vorbis: bf7c407c2cedff20999df2af8eb42d56 -> 
  custom:container-muxer-webm: aa71ff27fc2769a1b78a27578f13a17b -> 
========================================================================
Received Import Request.
  Time since last request: 437644.441946 seconds.
  path: Assets/Models/Hairs FBX
  artifactKey: Guid(312af9761b86c334588b505e2cffa6ec) Importer(815301076,1909f56bfc062723c751e8b465ee728b)
Start importing Assets/Models/Hairs FBX using Guid(312af9761b86c334588b505e2cffa6ec) Importer(815301076,1909f56bfc062723c751e8b465ee728b)  -> (artifact id: 'fe744ffff7f44d7b503e2ad9cc98f84b') in 0.004733 seconds
Number of updated asset objects reloaded before import = 0
Number of asset objects unloaded after import = 0
========================================================================
Received Import Request.
  Time since last request: 4.458876 seconds.
  path: Assets/Models/Hairs FBX/Hair AvatarSample_B.fbx
  artifactKey: Guid(8691fdae543bf354d9941f7ee9c3bf3b) Importer(815301076,1909f56bfc062723c751e8b465ee728b)
Start importing Assets/Models/Hairs FBX/Hair AvatarSample_B.fbx using Guid(8691fdae543bf354d9941f7ee9c3bf3b) Importer(815301076,1909f56bfc062723c751e8b465ee728b)  -> (artifact id: 'be464e9871a04d4604853d8c6f34d9e7') in 0.448633 seconds
Number of updated asset objects reloaded before import = 0
Number of asset objects unloaded after import = 17
========================================================================
Received Import Request.
  Time since last request: 0.000026 seconds.
  path: Assets/Models/Hairs FBX/Hair AvatarSample_C.fbx
  artifactKey: Guid(0b8ccd4bbb02f24448864ee51ceff997) Importer(815301076,1909f56bfc062723c751e8b465ee728b)
Start importing Assets/Models/Hairs FBX/Hair AvatarSample_C.fbx using Guid(0b8ccd4bbb02f24448864ee51ceff997) Importer(815301076,1909f56bfc062723c751e8b465ee728b)  -> (artifact id: '6a664a0b79a31e6e3100e8f10ec80e40') in 0.067875 seconds
Number of updated asset objects reloaded before import = 0
Number of asset objects unloaded after import = 12
========================================================================
Received Import Request.
  Time since last request: 0.111611 seconds.
  path: Assets/Models/Hairs FBX/Hair HairSample_Female.fbx
  artifactKey: Guid(997c99a483890174baec8d86a1be1533) Importer(815301076,1909f56bfc062723c751e8b465ee728b)
Start importing Assets/Models/Hairs FBX/Hair HairSample_Female.fbx using Guid(997c99a483890174baec8d86a1be1533) Importer(815301076,1909f56bfc062723c751e8b465ee728b)  -> (artifact id: '13e961ca19d94fb96d56989d9fb72751') in 0.071598 seconds
Number of updated asset objects reloaded before import = 0
Number of asset objects unloaded after import = 13
========================================================================
Received Import Request.
  Time since last request: 1.627627 seconds.
  path: Assets/Models/Hairs FBX/Hair HairSample_Male.fbx
  artifactKey: Guid(22492b93ebb8e194a8a473b7057dfcd5) Importer(815301076,1909f56bfc062723c751e8b465ee728b)
Start importing Assets/Models/Hairs FBX/Hair HairSample_Male.fbx using Guid(22492b93ebb8e194a8a473b7057dfcd5) Importer(815301076,1909f56bfc062723c751e8b465ee728b)  -> (artifact id: '8c15b8472918a628aaf6f1d799e71b75') in 0.066706 seconds
Number of updated asset objects reloaded before import = 0
Number of asset objects unloaded after import = 12
========================================================================
Received Import Request.
  Time since last request: 0.321127 seconds.
  path: Assets/Models/Hairs FBX/Hair Sakurada_Fumiriya.fbx
  artifactKey: Guid(ef86271facc6dba45b0d2e7b2da6dd82) Importer(815301076,1909f56bfc062723c751e8b465ee728b)
Start importing Assets/Models/Hairs FBX/Hair Sakurada_Fumiriya.fbx using Guid(ef86271facc6dba45b0d2e7b2da6dd82) Importer(815301076,1909f56bfc062723c751e8b465ee728b)  -> (artifact id: '78e47b87bbd036cf7603fefcfa452cfa') in 0.066453 seconds
Number of updated asset objects reloaded before import = 0
Number of asset objects unloaded after import = 13
========================================================================
Received Import Request.
  Time since last request: 1.170490 seconds.
  path: Assets/Models/Hairs FBX/Hair Sakurada_Fumiriya.vrm
  artifactKey: Guid(93b69b7e75b97284691583901118be4d) Importer(815301076,1909f56bfc062723c751e8b465ee728b)
Start importing Assets/Models/Hairs FBX/Hair Sakurada_Fumiriya.vrm using Guid(93b69b7e75b97284691583901118be4d) Importer(815301076,1909f56bfc062723c751e8b465ee728b)  -> (artifact id: 'b6971e15d592973485e07a579a903424') in 0.003517 seconds
Number of updated asset objects reloaded before import = 0
Number of asset objects unloaded after import = 1
========================================================================
Received Import Request.
  Time since last request: 6.919624 seconds.
  path: Assets/Models/Hairs VRM
  artifactKey: Guid(23b9dadd158dfa8468bdf6d616a36a95) Importer(815301076,1909f56bfc062723c751e8b465ee728b)
Start importing Assets/Models/Hairs VRM using Guid(23b9dadd158dfa8468bdf6d616a36a95) Importer(815301076,1909f56bfc062723c751e8b465ee728b)  -> (artifact id: '07276d50f79e4c5473ab35c3afa0dfb6') in 0.001967 seconds
Number of updated asset objects reloaded before import = 0
Number of asset objects unloaded after import = 0
========================================================================
Received Import Request.
  Time since last request: 9.656964 seconds.
  path: Assets/Models/Hairs FBX/Hair Sendagaya Shibu Darkness.fbx
  artifactKey: Guid(41110e68a3539e84488c319c5320b2a3) Importer(815301076,1909f56bfc062723c751e8b465ee728b)
Start importing Assets/Models/Hairs FBX/Hair Sendagaya Shibu Darkness.fbx using Guid(41110e68a3539e84488c319c5320b2a3) Importer(815301076,1909f56bfc062723c751e8b465ee728b)  -> (artifact id: '1c98ebb81981f5615a9632bc53e2a224') in 0.087486 seconds
Number of updated asset objects reloaded before import = 0
Number of asset objects unloaded after import = 13
========================================================================
Received Import Request.
  Time since last request: 0.228529 seconds.
  path: Assets/Models/Hairs FBX/Hair Sendagaya_Shibu.fbx
  artifactKey: Guid(f15972285fae5c84890d409ec179ae86) Importer(815301076,1909f56bfc062723c751e8b465ee728b)
Start importing Assets/Models/Hairs FBX/Hair Sendagaya_Shibu.fbx using Guid(f15972285fae5c84890d409ec179ae86) Importer(815301076,1909f56bfc062723c751e8b465ee728b)  -> (artifact id: 'c7515f95f8c3859ff9102b177fa8f340') in 0.397892 seconds
Number of updated asset objects reloaded before import = 0
Number of asset objects unloaded after import = 13
========================================================================
Received Import Request.
  Time since last request: 0.293148 seconds.
  path: Assets/Models/Hairs FBX/Hair Sendagaya_Shino.fbx
  artifactKey: Guid(be87d57f574866e4daf1879019a0218a) Importer(815301076,1909f56bfc062723c751e8b465ee728b)
Start importing Assets/Models/Hairs FBX/Hair Sendagaya_Shino.fbx using Guid(be87d57f574866e4daf1879019a0218a) Importer(815301076,1909f56bfc062723c751e8b465ee728b)  -> (artifact id: '90819bb6f98cd3c5e0e52f38d3de5d63') in 0.061550 seconds
Number of updated asset objects reloaded before import = 0
Number of asset objects unloaded after import = 13
========================================================================
Received Import Request.
  Time since last request: 0.227983 seconds.
  path: Assets/Models/Hairs FBX/Hair Victoria_Robin.fbx
  artifactKey: Guid(ca9f3d09010fe02459ead362aef584dd) Importer(815301076,1909f56bfc062723c751e8b465ee728b)
Start importing Assets/Models/Hairs FBX/Hair Victoria_Robin.fbx using Guid(ca9f3d09010fe02459ead362aef584dd) Importer(815301076,1909f56bfc062723c751e8b465ee728b)  -> (artifact id: '946ffa18265cd963f154aede6a202a39') in 0.072023 seconds
Number of updated asset objects reloaded before import = 0
Number of asset objects unloaded after import = 14
========================================================================
Received Import Request.
  Time since last request: 0.119032 seconds.
  path: Assets/Models/Hairs FBX/Hair Vita.fbx
  artifactKey: Guid(8cc10456a8715b14a8e4e9689a3f9770) Importer(815301076,1909f56bfc062723c751e8b465ee728b)
Start importing Assets/Models/Hairs FBX/Hair Vita.fbx using Guid(8cc10456a8715b14a8e4e9689a3f9770) Importer(815301076,1909f56bfc062723c751e8b465ee728b)  -> (artifact id: '3fb1b16aeb8640bed0117c8b9ee9bd1e') in 0.077464 seconds
Number of updated asset objects reloaded before import = 0
Number of asset objects unloaded after import = 14
========================================================================
Received Import Request.
  Time since last request: 0.210174 seconds.
  path: Assets/Models/Hairs FBX/Hair Vivi.fbx
  artifactKey: Guid(e8551adb836b2f24ca04b6683bf3334e) Importer(815301076,1909f56bfc062723c751e8b465ee728b)
Start importing Assets/Models/Hairs FBX/Hair Vivi.fbx using Guid(e8551adb836b2f24ca04b6683bf3334e) Importer(815301076,1909f56bfc062723c751e8b465ee728b)  -> (artifact id: '55441be2e988a0cf5d0459c945771522') in 0.078451 seconds
Number of updated asset objects reloaded before import = 0
Number of asset objects unloaded after import = 14
========================================================================
Received Import Request.
  Time since last request: 0.698453 seconds.
  path: Assets/Models/Hairs FBX/Vita Hairs.fbx
  artifactKey: Guid(050199204ced8394ea035a77bbb0e194) Importer(815301076,1909f56bfc062723c751e8b465ee728b)
Start importing Assets/Models/Hairs FBX/Vita Hairs.fbx using Guid(050199204ced8394ea035a77bbb0e194) Importer(815301076,1909f56bfc062723c751e8b465ee728b)  -> (artifact id: '6d5e8ecda914d1aaf2863033283da430') in 0.063669 seconds
Number of updated asset objects reloaded before import = 0
Number of asset objects unloaded after import = 10
========================================================================
Received Prepare
Begin MonoManager ReloadAssembly
- Loaded All Assemblies, in  1.201 seconds
Refreshing native plugins compatible for Editor in 1.24 ms, found 0 plugins.
Native extension for WindowsStandalone target not found
Native extension for Android target not found
Mono: successfully reloaded assembly
- Finished resetting the current domain, in  1.226 seconds
Domain Reload Profiling:
	ReloadAssembly (401ms)
		BeginReloadAssembly (250ms)
			ExecutionOrderSort (0ms)
			DisableScriptedObjects (11ms)
			BackupInstance (0ms)
			ReleaseScriptingObjects (0ms)
			CreateAndSetChildDomain (51ms)
		LoadAllAssembliesAndSetupDomain (793ms)
			LoadAssemblies (424ms)
			RebuildTransferFunctionScriptingTraits (0ms)
			SetupTypeCache (491ms)
				TypeCache.Initialize (486ms)
					TypeCache.ScanAssembly (480ms)
				ResolveRequiredComponents (5ms)
		FinalizeReload (0ms)
			ReleaseScriptCaches (0ms)
			RebuildScriptCaches (0ms)
			SetupLoadedEditorAssemblies (571ms)
				LogAssemblyErrors (0ms)
				InitializePlatformSupportModulesInManaged (53ms)
				SetLoadedEditorAssemblies (9ms)
				RefreshPlugins (0ms)
				BeforeProcessingInitializeOnLoad (118ms)
				ProcessInitializeOnLoadAttributes (333ms)
				ProcessInitializeOnLoadMethodAttributes (41ms)
				AfterProcessingInitializeOnLoad (16ms)
				EditorAssembliesLoaded (0ms)
			ExecutionOrderSort2 (0ms)
			AwakeInstancesAfterBackupRestoration (16ms)
Refreshing native plugins compatible for Editor in 1.12 ms, found 0 plugins.
Preloading 0 native plugins for Editor in 0.00 ms.
Unloading 1777 Unused Serialized files (Serialized files now loaded: 0)
Unloading 7 unused Assets / (24.3 KB). Loaded Objects now: 2333.
Memory consumption went from 85.2 MB to 85.2 MB.
Total: 5.456500 ms (FindLiveObjects: 0.211600 ms CreateObjectMapping: 0.084100 ms MarkObjects: 5.095100 ms  DeleteObjects: 0.063900 ms)

Prepare: number of updated asset objects reloaded= 0
AssetImportParameters requested are different than current active one (requested -> active):
  custom:video-decoder-webm-vp8: 9c59270c3fd7afecdb556c50c9e8de78 -> 
  custom:container-demuxer-ogg: 62fdf1f143b41e24485cea50d1cbac27 -> 
  custom:AudioImporter_EditorPlatform: d09bf68614088b80899f8185d706f6e7 -> 
  custom:video-decoder-ogg-theora: a1e56fd34408186e4bbccfd4996cb3dc -> 
  custom:framework-win-MediaFoundation: 216162199b28c13a410421893ffa2e32 -> 
  custom:video-encoder-webm-vp8: eb34c28f22e8b96e1ab97ce403110664 -> 
  custom:audio-decoder-ogg-vorbis: bf7c407c2cedff20999df2af8eb42d56 -> 
  custom:container-demuxer-webm: 4f35f7cbe854078d1ac9338744f61a02 -> 
  custom:audio-encoder-webm-vorbis: bf7c407c2cedff20999df2af8eb42d56 -> 
  custom:container-muxer-webm: aa71ff27fc2769a1b78a27578f13a17b -> 
========================================================================
Received Import Request.
  Time since last request: 258.660397 seconds.
  path: Assets/Models/Hairs VRM/Hair Vita.vrm
  artifactKey: Guid(4ed400fe4ffab6c4dbce727c44e641ec) Importer(815301076,1909f56bfc062723c751e8b465ee728b)
Start importing Assets/Models/Hairs VRM/Hair Vita.vrm using Guid(4ed400fe4ffab6c4dbce727c44e641ec) Importer(815301076,1909f56bfc062723c751e8b465ee728b)  -> (artifact id: 'a67df41841924a4748ea4dd52a97ab29') in 0.029811 seconds
Number of updated asset objects reloaded before import = 0
Number of asset objects unloaded after import = 1
========================================================================
Received Import Request.
  Time since last request: 23.808671 seconds.
  path: Assets/Models/Whole Body
  artifactKey: Guid(001ca30209ca0c44693f3409b5d01a8d) Importer(815301076,1909f56bfc062723c751e8b465ee728b)
Start importing Assets/Models/Whole Body using Guid(001ca30209ca0c44693f3409b5d01a8d) Importer(815301076,1909f56bfc062723c751e8b465ee728b)  -> (artifact id: '3bf170968713f09434c30a16f8978fbb') in 0.001298 seconds
Number of updated asset objects reloaded before import = 0
Number of asset objects unloaded after import = 0
========================================================================
Received Import Request.
  Time since last request: 735.597410 seconds.
  path: Assets/Models/Hairs VRM/AvatarSample_A.vrm
  artifactKey: Guid(857b011d322d0d44c88512bb5ab07c3e) Importer(815301076,1909f56bfc062723c751e8b465ee728b)
Start importing Assets/Models/Hairs VRM/AvatarSample_A.vrm using Guid(857b011d322d0d44c88512bb5ab07c3e) Importer(815301076,1909f56bfc062723c751e8b465ee728b)  -> (artifact id: '53125ea05a98c1dceb6f2739d6d52e0c') in 0.002757 seconds
Number of updated asset objects reloaded before import = 0
Number of asset objects unloaded after import = 1
========================================================================
Received Import Request.
  Time since last request: 0.747056 seconds.
  path: Assets/Models/Hairs VRM/Sendagaya_Shino.vrm
  artifactKey: Guid(c7fff7998a25dad498a66a75b0cbfd5a) Importer(815301076,1909f56bfc062723c751e8b465ee728b)
Start importing Assets/Models/Hairs VRM/Sendagaya_Shino.vrm using Guid(c7fff7998a25dad498a66a75b0cbfd5a) Importer(815301076,1909f56bfc062723c751e8b465ee728b)  -> (artifact id: '54adfedf0cae57261b0e3659792bbdcf') in 0.001677 seconds
Number of updated asset objects reloaded before import = 0
Number of asset objects unloaded after import = 1
========================================================================
Received Import Request.
  Time since last request: 0.518314 seconds.
  path: Assets/Models/Hairs VRM/Vivi.vrm
  artifactKey: Guid(8ef42dbb9e171cb40af2e4c8225788d6) Importer(815301076,1909f56bfc062723c751e8b465ee728b)
Start importing Assets/Models/Hairs VRM/Vivi.vrm using Guid(8ef42dbb9e171cb40af2e4c8225788d6) Importer(815301076,1909f56bfc062723c751e8b465ee728b)  -> (artifact id: 'c060ae5bdc982226226bcc90945a6caf') in 0.001490 seconds
Number of updated asset objects reloaded before import = 0
Number of asset objects unloaded after import = 1
========================================================================
Received Import Request.
  Time since last request: 7.585009 seconds.
  path: Assets/Models/Hairs VRM/Vivi.vrm
  artifactKey: Guid(8ef42dbb9e171cb40af2e4c8225788d6) Importer(815301076,1909f56bfc062723c751e8b465ee728b)
Start importing Assets/Models/Hairs VRM/Vivi.vrm using Guid(8ef42dbb9e171cb40af2e4c8225788d6) Importer(815301076,1909f56bfc062723c751e8b465ee728b)  -> (artifact id: '01695ea0c924a34238199cd2f5e7ee08') in 0.407121 seconds
Number of updated asset objects reloaded before import = 0
Number of asset objects unloaded after import = 150
========================================================================
Received Import Request.
  Time since last request: 4.354292 seconds.
  path: Assets/Models/Hairs VRM/AvatarSample_B.vrm
  artifactKey: Guid(636c09d3195f3fd4e8d076a1d77ec91b) Importer(815301076,1909f56bfc062723c751e8b465ee728b)
Start importing Assets/Models/Hairs VRM/AvatarSample_B.vrm using Guid(636c09d3195f3fd4e8d076a1d77ec91b) Importer(815301076,1909f56bfc062723c751e8b465ee728b)  -> (artifact id: '39c44c921c566b2303c93d1f4e8e7c75') in 0.321545 seconds
Number of updated asset objects reloaded before import = 0
Number of asset objects unloaded after import = 156
========================================================================
Received Import Request.
  Time since last request: 0.117754 seconds.
  path: Assets/Models/Hairs VRM/AvatarSample_A.vrm
  artifactKey: Guid(857b011d322d0d44c88512bb5ab07c3e) Importer(815301076,1909f56bfc062723c751e8b465ee728b)
Start importing Assets/Models/Hairs VRM/AvatarSample_A.vrm using Guid(857b011d322d0d44c88512bb5ab07c3e) Importer(815301076,1909f56bfc062723c751e8b465ee728b)  -> (artifact id: '24ff153ecc3fbdf7b1c96da5f08eb66a') in 0.145602 seconds
Number of updated asset objects reloaded before import = 0
Number of asset objects unloaded after import = 152
========================================================================
Received Import Request.
  Time since last request: 145.952144 seconds.
  path: Assets/Scripts/UISlider.cs
  artifactKey: Guid(1a17f4c975585234bab12e5481b3818f) Importer(815301076,1909f56bfc062723c751e8b465ee728b)
Start importing Assets/Scripts/UISlider.cs using Guid(1a17f4c975585234bab12e5481b3818f) Importer(815301076,1909f56bfc062723c751e8b465ee728b)  -> (artifact id: '6c3cf231db78519bd41edb9e610dc09f') in 0.000910 seconds
Number of updated asset objects reloaded before import = 0
Number of asset objects unloaded after import = 0
========================================================================
Received Import Request.
  Time since last request: 47.804715 seconds.
  path: Assets/Scripts/UIShowModel.cs
  artifactKey: Guid(bab7a8bc6a467b44d9458305051bfe37) Importer(815301076,1909f56bfc062723c751e8b465ee728b)
Start importing Assets/Scripts/UIShowModel.cs using Guid(bab7a8bc6a467b44d9458305051bfe37) Importer(815301076,1909f56bfc062723c751e8b465ee728b)  -> (artifact id: 'd491695cb478cbc63e48096a78f0a9b1') in 0.003794 seconds
Number of updated asset objects reloaded before import = 0
Number of asset objects unloaded after import = 0
